import started Sat Jun  7 04:08:35 2025
import started Sat Jun  7 04:13:45 2025
skip /music
import started Sat Jun  7 11:59:01 2025
skip /music/Aag
skip /music/Aana dobara (avadoot gupte )
duplicate-keep /music/Aap ka suurur 2
duplicate-keep /music/aap kaa surroor (2007)
skip /music/Aashiqui
skip /music/Abhijeet & Amit
duplicate-keep /music/Abhijeet Sawant
skip /music/Agarr
skip /music/Aksar(Shaan)
duplicate-keep /music/Alisha Chinai/Alisha
duplicate-keep /music/Anjan Dutta
duplicate-keep /music/Armaan-Armaan-Malik-320Kbps-2013(Songs.PK)
duplicate-keep /music/Aryan
skip /music/Aryans/01_TRACK_1.MP3; /music/Aryans/02_TRACK_2.MP3; /music/Aryans/03_TRACK_3.MP3; /music/Aryans/04_TRACK_4.MP3; /music/Aryans/05_TRACK_5.MP3; /music/Aryans/06_TRACK_6.MP3; /music/Aryans/07_TRACK_7.MP3; /music/Aryans/08_TRACK_8.MP3; /music/Aryans/09_TRACK_9.MP3; /music/Aryans/10_TRACK_10.MP3; /music/Aryans/Aakho main tera hi chahera.mp3
skip /music/Aryans/Dekha hai tere akho ko.mp3; /music/Aryans/Kis ki khushboo hai.mp3; /music/Aryans/Krishna.mp3
skip /music/Aryans/Jeena sikhade haseena.mp3
duplicate-keep /music/Avril Lavigne (Let go)
duplicate-keep /music/Avril Lavigne- Goodbye Lullaby [2011]
duplicate-keep /music/Backstreet Boys/Never Gone
duplicate-keep /music/Basshunter - Now Youre Gone The Album (2009)
duplicate-keep /music/Bassnectar - Divergent Spectrum [CD]-320kbps-(2011)
duplicate-keep /music/Bengali/Anjan Dutta
skip /music/Bengali/James
skip /music/Bengali/Nachiketa
duplicate-keep /music/Bhoomi (jatra suru)
skip /music/Billboard Mainstream Top 40
skip /music/Bin tere sanam
duplicate-keep /music/Blue/Best of Blue
skip /music/bom shell babe
skip /music/Bombay viking
duplicate-keep /music/Bon Jovi - Crossroads (1994)
duplicate-keep /music/Border
duplicate-keep /music/Breaking Benjamin/Dear Agony
duplicate-keep /music/Breaking Benjamin/Phobia
duplicate-keep /music/CACTUS2/01NIL_NIRJANE.MP3; /music/CACTUS2/04__MISC__TRACK_04__MISC.MP3; /music/CACTUS2/05__MISC__TRACK_05__MISC.MP3; /music/CACTUS2/06__MISC__TRACK_06__MISC.MP3; /music/CACTUS2/07__MISC__TRACK_07__MISC.MP3; /music/CACTUS2/08__MISC__TRACK_08__MISC.MP3; /music/CACTUS2/bodu re.MP3; /music/CACTUS2/budhaa aseche.MP3
duplicate-keep /music/CACTUS_SUDHU TUMI ELE NA_C
skip /music/Call
duplicate-keep /music/Celine Dion (A New Day Has Come)
duplicate-keep /music/Chal Diye(Amit Sana)
duplicate-keep /music/Compilations/Chalte Chalte
duplicate-keep /music/Dead by April - Incomparable [2011][StitchesGuy90]
duplicate-keep /music/Dead By April [Demo 2008] [All Songs - Best Quality]
skip /music/Debojit (Jeena)
skip /music/Devika - Sari Raat
skip /music/Dewanapan
duplicate-keep /music/Dhamal
skip /music/Dhamal; /music/Dhamaal/07 - Chandani Raat Hai Saiyan (instrumental).mp3
skip /music/Dhoka
duplicate-keep /music/Dil se
duplicate-keep /music/Disturbed Discography/Asylum
duplicate-keep /music/Disturbed Discography/Believe
duplicate-keep /music/Disturbed Discography/Indestructible
duplicate-keep /music/Disturbed Discography/Ten Thousand Fists
duplicate-keep /music/Disturbed Discography/The Lost Children
duplicate-keep /music/Disturbed Discography/The Sickness
skip /music/DJ
duplicate-keep /music/Doorie
duplicate-keep /music/Ek chalis ki last local
skip /music/English Extras
duplicate-keep /music/Enrique Iglesias/7
duplicate-keep /music/Enrique Iglesias/7; /music/Enique/01 - Not in Love -  Enrique Iglesias - 7.mp3; /music/Enique/02 - The way you touch me -  Enrique Iglesias - 7.mp3; /music/Enique/03 - Say it -  Enrique Iglesias - 7.mp3; /music/Enique/04 - California Callin' -  Enrique Iglesias - 7.mp3; /music/Enique/05 - Addicted -  Enrique Iglesias - 7.mp3; /music/Enique/06 - Break me shake me -  Enrique Iglesias - 7.mp3; /music/Enique/07 - Free -  Enrique Iglesias - 7.mp3; /music/Enique/08 - Be yourself -  Enrique Iglesias - 7.mp3; /music/Enique/09 - Wish you were here (with me) -  Enrique Iglesias - 7.mp3; /music/Enique/10 - You Rock me -  Enrique Iglesias - 7.mp3; /music/Enique/11 - Roamer -  Enrique Iglesias - 7.mp3; /music/Enique/12 - Live it up Tonight -  Enrique Iglesias - 7.mp3; /music/Enique/13 - Adicto -  Enrique Iglesias - 7.mp3; /music/Enique/14 - Addicted - Metro Mix -  Enrique Iglesias - 7.mp3; /music/Enique/15 - Addicted - Glam as you mix -  Enrique Iglesias - 7.mp3
import started Sat Jun  7 16:16:21 2025
duplicate-keep /music/aap kaa surroor (2007)
duplicate-keep /music/Anjan Dutta/Best Of Anjan Dutt
skip /music/Aryans
duplicate-keep /music/Avril Lavigne (Let go)
duplicate-keep /music/Basshunter - Now Youre Gone The Album (2009)
duplicate-keep /music/Bhoomi (jatra suru)
import started Sat Jun  7 16:22:35 2025
duplicate-keep /music/aap kaa surroor (2007)
duplicate-keep /music/Anjan Dutt/Best Of Anjan Dutt [130]
duplicate-keep /music/Avril Lavigne (Let go)
duplicate-keep /music/Basshunter - Now Youre Gone The Album (2009)
duplicate-keep /music/Bhoomi (jatra suru)
duplicate-keep /music/Border
duplicate-keep /music/Breaking Benjamin/So Cold [63]
duplicate-keep /music/Cactus/Cactus [70]
skip /music/CACTUS2
import started Sat Jun  7 16:47:44 2025
import started Sun Jun  8 12:10:29 2025
import started Sun Jun  8 12:34:01 2025
import started Sun Jun  8 12:38:10 2025
import started Sun Jun  8 12:39:49 2025
import started Sun Jun  8 12:55:26 2025
skip /music/Aryans/01_TRACK_1.MP3
skip /music/Aryans/03_TRACK_3.MP3
import started Sun Jun  8 13:09:11 2025
skip /music/Aryans/05_TRACK_5.MP3
skip /music/Aryans/06_TRACK_6.MP3
skip /music/Aryans/07_TRACK_7.MP3
import started Sun Jun  8 13:51:38 2025
import started Sun Jun  8 13:52:25 2025
skip /music/Aryans/Jeena sikhade haseena.mp3
import started Sun Jun  8 13:56:41 2025
import started Sun Jun  8 13:57:29 2025
import started Sun Jun  8 13:58:25 2025
import started Sun Jun  8 14:09:42 2025
import started Mon Jun  9 00:35:31 2025
import started Mon Jun  9 00:35:48 2025
import started Mon Jun  9 00:37:32 2025
import started Mon Jun  9 00:38:46 2025
import started Mon Jun  9 00:39:31 2025
import started Mon Jun  9 00:41:59 2025
import started Mon Jun  9 00:42:08 2025
import started Mon Jun  9 00:42:46 2025
skip /music/English Extras/Hey Boy Hey Girl.mp3
import started Mon Jun  9 00:53:44 2025
skip /music/Euphoria mahefuz
import started Mon Jun  9 00:55:30 2025
import started Mon Jun  9 00:56:18 2025
import started Mon Jun  9 00:59:05 2025
import started Mon Jun  9 01:00:37 2025
skip /music/Extras/26 SAMNE YE KAUN AAYA.mp3
duplicate-keep /music/Extras/Sexy Eyes (Whigfield).mp3
import started Mon Jun  9 01:04:51 2025
import started Mon Jun  9 01:06:15 2025
import started Mon Jun  9 01:07:02 2025
import started Mon Jun  9 01:07:11 2025
import started Mon Jun  9 01:12:21 2025
import started Mon Jun  9 01:17:54 2025
import started Mon Jun  9 01:18:59 2025
skip /music/GO
import started Mon Jun  9 01:20:05 2025
import started Mon Jun  9 01:21:03 2025
import started Mon Jun  9 01:22:53 2025
import started Mon Jun  9 01:23:55 2025
duplicate-keep /music/Haunted-3D-2011-320Kbps(Songs.PK)
import started Mon Jun  9 01:26:09 2025
import started Mon Jun  9 01:29:35 2025
import started Mon Jun  9 01:30:52 2025
import started Mon Jun  9 01:31:23 2025
import started Mon Jun  9 01:33:04 2025
import started Mon Jun  9 01:35:15 2025
import started Mon Jun  9 01:36:27 2025
import started Mon Jun  9 01:37:43 2025
skip /music/Indian Ocean
import started Mon Jun  9 01:40:35 2025
import started Mon Jun  9 01:43:24 2025
import started Mon Jun  9 01:45:43 2025
import started Mon Jun  9 01:46:45 2025
import started Mon Jun  9 01:48:38 2025
import started Mon Jun  9 01:49:26 2025
import started Mon Jun  9 01:50:38 2025
import started Mon Jun  9 01:51:40 2025
import started Mon Jun  9 01:52:57 2025
import started Mon Jun  9 01:55:01 2025
import started Mon Jun  9 01:55:59 2025
import started Mon Jun  9 01:57:18 2025
import started Mon Jun  9 01:58:19 2025
import started Mon Jun  9 01:59:22 2025
import started Mon Jun  9 02:03:48 2025
import started Mon Jun  9 02:05:07 2025
import started Mon Jun  9 02:06:45 2025
import started Mon Jun  9 02:07:55 2025
import started Mon Jun  9 02:08:37 2025
import started Mon Jun  9 02:10:01 2025
import started Mon Jun  9 02:10:41 2025
import started Mon Jun  9 02:11:58 2025
import started Mon Jun  9 02:12:51 2025
import started Mon Jun  9 02:13:54 2025
import started Mon Jun  9 02:14:29 2025
import started Mon Jun  9 02:17:56 2025
import started Mon Jun  9 02:19:33 2025
import started Mon Jun  9 02:23:42 2025
import started Mon Jun  9 02:25:25 2025
import started Mon Jun  9 02:26:26 2025
import started Mon Jun  9 02:27:19 2025
import started Mon Jun  9 02:28:08 2025
import started Mon Jun  9 02:29:10 2025
import started Mon Jun  9 02:30:02 2025
import started Mon Jun  9 02:31:02 2025
import started Mon Jun  9 02:32:17 2025
import started Mon Jun  9 02:33:04 2025
import started Mon Jun  9 02:34:26 2025
import started Mon Jun  9 02:35:23 2025
import started Mon Jun  9 02:35:44 2025
import started Mon Jun  9 02:36:49 2025
import started Mon Jun  9 02:38:24 2025
import started Mon Jun  9 02:38:40 2025
import started Mon Jun  9 02:39:47 2025
import started Mon Jun  9 02:40:55 2025
import started Mon Jun  9 02:41:43 2025
import started Mon Jun  9 02:42:46 2025
import started Mon Jun  9 02:44:11 2025
import started Mon Jun  9 02:45:25 2025
skip /music/Linking park/Linkin Park & Adema - Giving In (New single!!!).mp3; /music/Linking park/Linkin Park & Britney Spears Mashup - Faint Toxic.mp3; /music/Linking park/Linkin Park & Jay-Z - Numbe Encore.mp3; /music/Linking park/Linkin Park - Broken Glass.mp3; /music/Linking park/Linkin Park - By Myself.mp3; /music/Linking park/Linkin Park - By_Myself.MP3; /music/Linking park/Linkin Park - Carousel.mp3; /music/Linking park/Linkin Park - Crawlin.mp3; /music/Linking park/Linkin Park - Easier To Run.MP3
import started Mon Jun  9 02:51:30 2025
import started Mon Jun  9 02:52:43 2025
import started Mon Jun  9 02:54:16 2025
import started Mon Jun  9 02:54:42 2025
import started Mon Jun  9 02:56:15 2025
import started Mon Jun  9 03:01:40 2025
import started Mon Jun  9 03:02:00 2025
import started Mon Jun  9 03:03:07 2025
import started Mon Jun  9 03:04:18 2025
import started Mon Jun  9 03:05:58 2025
import started Mon Jun  9 03:08:06 2025
import started Mon Jun  9 03:09:49 2025
import started Mon Jun  9 03:15:36 2025
import started Mon Jun  9 03:18:18 2025
import started Mon Jun  9 03:19:39 2025
import started Mon Jun  9 03:21:30 2025
import started Mon Jun  9 03:23:33 2025
import started Mon Jun  9 03:26:36 2025
import started Mon Jun  9 03:27:53 2025
import started Mon Jun  9 03:28:45 2025
import started Mon Jun  9 03:31:36 2025
import started Mon Jun  9 03:32:56 2025
import started Mon Jun  9 03:34:43 2025
skip /music/Pardesiya[VOL2]
import started Mon Jun  9 03:35:12 2025
import started Mon Jun  9 03:36:12 2025
import started Mon Jun  9 03:36:59 2025
import started Mon Jun  9 03:37:59 2025
import started Mon Jun  9 03:38:48 2025
import started Mon Jun  9 03:40:38 2025
import started Mon Jun  9 03:42:08 2025
import started Mon Jun  9 03:43:58 2025
import started Mon Jun  9 03:45:02 2025
import started Mon Jun  9 03:46:36 2025
import started Mon Jun  9 03:48:12 2025
import started Mon Jun  9 03:50:46 2025
import started Mon Jun  9 03:53:19 2025
import started Mon Jun  9 03:55:23 2025
import started Mon Jun  9 03:56:50 2025
import started Mon Jun  9 03:57:27 2025
import started Mon Jun  9 03:57:45 2025
import started Mon Jun  9 03:58:57 2025
import started Mon Jun  9 04:00:04 2025
import started Mon Jun  9 04:03:17 2025
import started Mon Jun  9 04:04:25 2025
import started Mon Jun  9 04:05:36 2025
import started Mon Jun  9 04:06:45 2025
import started Mon Jun  9 04:07:50 2025
import started Mon Jun  9 04:08:27 2025
import started Mon Jun  9 04:09:31 2025
import started Mon Jun  9 04:10:57 2025
import started Mon Jun  9 04:11:50 2025
import started Mon Jun  9 04:12:35 2025
import started Mon Jun  9 04:16:27 2025
import started Mon Jun  9 04:19:31 2025
import started Mon Jun  9 04:19:47 2025
import started Mon Jun  9 04:20:00 2025
import started Mon Jun  9 04:20:46 2025
import started Mon Jun  9 04:21:34 2025
import started Mon Jun  9 04:22:27 2025
import started Mon Jun  9 04:23:17 2025
import started Mon Jun  9 04:25:19 2025
duplicate-keep /music/The Official UK Top 40-2/36 Zedd Feat Hayley Williams - Stay The Night.mp3
import started Mon Jun  9 04:28:28 2025
import started Mon Jun  9 04:30:11 2025
import started Mon Jun  9 04:31:32 2025
import started Mon Jun  9 04:31:47 2025
import started Mon Jun  9 04:31:58 2025
import started Mon Jun  9 04:32:10 2025
import started Mon Jun  9 04:32:52 2025
import started Mon Jun  9 04:33:59 2025
import started Mon Jun  9 04:35:10 2025
import started Mon Jun  9 04:36:22 2025
import started Mon Jun  9 04:37:01 2025
import started Mon Jun  9 04:37:15 2025
import started Mon Jun  9 04:37:41 2025
import started Mon Jun  9 04:39:16 2025
import started Mon Jun  9 04:40:11 2025
import started Mon Jun  9 04:40:25 2025
import started Mon Jun  9 04:41:06 2025
import started Mon Jun  9 04:43:54 2025
import started Mon Jun  9 04:45:10 2025
import started Mon Jun  9 04:46:24 2025
skip /music/Yaadein(Amit Sana)
import started Mon Jun  9 04:46:49 2025
import started Mon Jun  9 04:47:37 2025
import started Mon Jun  9 04:47:49 2025
import started Mon Jun  9 04:48:47 2025
import started Mon Jun  9 04:49:00 2025
import started Mon Jun  9 04:49:23 2025
import started Mon Jun  9 04:49:41 2025
import started Mon Jun  9 04:50:40 2025
import started Mon Jun  9 04:52:11 2025
import started Mon Jun  9 04:52:28 2025
import started Mon Jun  9 04:52:34 2025
import started Mon Jun  9 04:52:53 2025
import started Mon Jun  9 04:53:03 2025
import started Mon Jun  9 04:55:05 2025
import started Mon Jun  9 04:55:59 2025
import started Mon Jun  9 04:56:41 2025
import started Mon Jun  9 04:59:23 2025
